<?xml version="1.0" encoding="UTF-8"?>
<testng-results ignored="0" total="2" passed="2" failed="0" skipped="0">
  <reporter-output>
  </reporter-output>
  <suite started-at="2025-04-13T09:00:29Z" name="Default suite" finished-at="2025-04-13T09:00:33Z" duration-ms="3575">
    <groups>
    </groups>
    <test started-at="2025-04-13T09:00:29Z" name="Default test" finished-at="2025-04-13T09:00:33Z" duration-ms="3575">
      <class name="day2.Differentpostrequest">
        <test-method signature="testPostUsingHashMap()[pri:1, instance:day2.Differentpostrequest@2eae8e6e]" started-at="2025-04-13T14:30:29Z" name="testPostUsingHashMap" finished-at="2025-04-13T14:30:33Z" duration-ms="3468" status="PASS">
          <reporter-output>
          </reporter-output>
        </test-method> <!-- testPostUsingHashMap -->
        <test-method signature="testDelete()[pri:2, instance:day2.Differentpostrequest@2eae8e6e]" started-at="2025-04-13T14:30:33Z" name="testDelete" finished-at="2025-04-13T14:30:33Z" duration-ms="72" status="PASS">
          <reporter-output>
          </reporter-output>
        </test-method> <!-- testDelete -->
      </class> <!-- day2.Differentpostrequest -->
    </test> <!-- Default test -->
  </suite> <!-- Default suite -->
</testng-results>
