<?xml version="1.0" encoding="UTF-8"?>
<!-- Generated by org.testng.reporters.JUnitXMLReporter -->
<testsuite ignored="0" hostname="DESKTOP-T7PUVCL" failures="1" tests="3" name="Test" time="6.954" errors="0" timestamp="2025-02-14T18:06:56 IST">
  <testcase classname="testng.Qafox" name="openapp" time="1.891"/>
  <testcase classname="testng.Qafox" name="verititle" time="0.067">
    <failure type="java.lang.AssertionError" message="expected [My Account] but found [Account]">
      <![CDATA[java.lang.AssertionError: expected [My Account] but found [Account]
at testng.Qafox.verititle(Qafox.java:37)
at java.base/java.util.ArrayList.forEach(ArrayList.java:1511)
... Removed 33 stack frames]]>
    </failure>
  </testcase> <!-- verititle -->
  <testcase classname="testng.Qafox" name="close" time="0.003">
    <skipped/>
  </testcase> <!-- close -->
</testsuite> <!-- Test -->
