<?xml version="1.0" encoding="UTF-8"?>
<testng-results ignored="0" total="1" passed="1" failed="0" skipped="0">
  <reporter-output>
  </reporter-output>
  <suite started-at="2024-01-30T19:15:45 IST" name="Default suite" finished-at="2024-01-30T19:15:45 IST" duration-ms="75">
    <groups>
    </groups>
    <test started-at="2024-01-30T19:15:45 IST" name="Default test" finished-at="2024-01-30T19:15:45 IST" duration-ms="75">
      <class name="demotestng.DemoTest">
        <test-method signature="createCustomer()[pri:0, instance:demotestng.DemoTest@309e345f]" started-at="2024-01-30T19:15:45 IST" name="createCustomer" finished-at="2024-01-30T19:15:45 IST" duration-ms="13" status="PASS">
          <reporter-output>
          </reporter-output>
        </test-method> <!-- createCustomer -->
      </class> <!-- demotestng.DemoTest -->
    </test> <!-- Default test -->
  </suite> <!-- Default suite -->
</testng-results>
