<?xml version="1.0" encoding="UTF-8"?>
<testng-results ignored="0" total="2" passed="1" failed="1" skipped="0">
  <reporter-output>
  </reporter-output>
  <suite started-at="2025-02-18T17:25:20 IST" name="Default suite" finished-at="2025-02-18T17:25:40 IST" duration-ms="19828">
    <groups>
    </groups>
    <test started-at="2025-02-18T17:25:20 IST" name="Default test" finished-at="2025-02-18T17:25:40 IST" duration-ms="19828">
      <class name="testng.Screenshot_without_testng">
        <test-method is-config="true" signature="setup()[pri:0, instance:testng.Screenshot_without_testng@4567f35d]" started-at="2025-02-18T17:25:20 IST" name="setup" finished-at="2025-02-18T17:25:24 IST" duration-ms="3392" status="PASS">
          <reporter-output>
          </reporter-output>
        </test-method> <!-- setup -->
        <test-method signature="Loginscrnshot()[pri:0, instance:testng.Screenshot_without_testng@4567f35d]" started-at="2025-02-18T17:25:24 IST" name="Loginscrnshot" finished-at="2025-02-18T17:25:40 IST" duration-ms="15940" status="PASS">
          <reporter-output>
          </reporter-output>
        </test-method> <!-- Loginscrnshot -->
        <test-method signature="scrnshotforlogin(java.lang.String)[pri:0, instance:testng.Screenshot_without_testng@4567f35d]" started-at="2025-02-18T17:25:40 IST" name="scrnshotforlogin" finished-at="2025-02-18T17:25:40 IST" duration-ms="0" status="FAIL">
          <exception class="org.testng.TestNGException">
            <message>
              <![CDATA[
Cannot inject @Test annotated Method [scrnshotforlogin] with [class java.lang.String].
For more information on native dependency injection please refer to https://testng.org/doc/documentation-main.html#native-dependency-injection]]>
            </message>
            <full-stacktrace>
              <![CDATA[org.testng.TestNGException: 
Cannot inject @Test annotated Method [scrnshotforlogin] with [class java.lang.String].
For more information on native dependency injection please refer to https://testng.org/doc/documentation-main.html#native-dependency-injection
at org.testng.internal.Parameters.checkParameterTypes(Parameters.java:436)
at org.testng.internal.Parameters.createParametersForMethod(Parameters.java:350)
at org.testng.internal.Parameters.createParameters(Parameters.java:693)
at org.testng.internal.Parameters.handleParameters(Parameters.java:879)
at org.testng.internal.Parameters.handleParameters(Parameters.java:728)
at org.testng.internal.invokers.ParameterHandler.handleParameters(ParameterHandler.java:72)
at org.testng.internal.invokers.ParameterHandler.createParameters(ParameterHandler.java:51)
at org.testng.internal.invokers.TestInvoker$MethodInvocationAgent.invoke(TestInvoker.java:924)
at org.testng.internal.invokers.TestInvoker.invokeTestMethods(TestInvoker.java:194)
at org.testng.internal.invokers.TestMethodWorker.invokeTestMethods(TestMethodWorker.java:148)
at org.testng.internal.invokers.TestMethodWorker.run(TestMethodWorker.java:128)
at java.base/java.util.ArrayList.forEach(ArrayList.java:1511)
at org.testng.TestRunner.privateRun(TestRunner.java:829)
at org.testng.TestRunner.run(TestRunner.java:602)
at org.testng.SuiteRunner.runTest(SuiteRunner.java:437)
at org.testng.SuiteRunner.runSequentially(SuiteRunner.java:431)
at org.testng.SuiteRunner.privateRun(SuiteRunner.java:391)
at org.testng.SuiteRunner.run(SuiteRunner.java:330)
at org.testng.SuiteRunnerWorker.runSuite(SuiteRunnerWorker.java:52)
at org.testng.SuiteRunnerWorker.run(SuiteRunnerWorker.java:95)
at org.testng.TestNG.runSuitesSequentially(TestNG.java:1256)
at org.testng.TestNG.runSuitesLocally(TestNG.java:1176)
at org.testng.TestNG.runSuites(TestNG.java:1099)
at org.testng.TestNG.run(TestNG.java:1067)
at org.testng.remote.AbstractRemoteTestNG.run(AbstractRemoteTestNG.java:115)
at org.testng.remote.RemoteTestNG.initAndRun(RemoteTestNG.java:251)
at org.testng.remote.RemoteTestNG.main(RemoteTestNG.java:77)
]]>
            </full-stacktrace>
          </exception> <!-- org.testng.TestNGException -->
          <reporter-output>
          </reporter-output>
        </test-method> <!-- scrnshotforlogin -->
        <test-method is-config="true" signature="tearDown()[pri:0, instance:testng.Screenshot_without_testng@4567f35d]" started-at="2025-02-18T17:25:40 IST" name="tearDown" finished-at="2025-02-18T17:25:40 IST" duration-ms="376" status="PASS">
          <reporter-output>
          </reporter-output>
        </test-method> <!-- tearDown -->
      </class> <!-- testng.Screenshot_without_testng -->
    </test> <!-- Default test -->
  </suite> <!-- Default suite -->
</testng-results>
